Build started 2/25/2013 6:27:36 PM.
     1>Project "F:\Projects\Lab 6 - Restaurants\Lab 6 - Restaurants\Lab 6 - Restaurants.vcxproj" on node 2 (build target(s)).
     1>InitializeBuildStatus:
         Creating "Debug\Lab 6 - Restaurants.unsuccessfulbuild" because "AlwaysCreate" was specified.
       ClCompile:
         c:\Program Files (x86)\Microsoft Visual Studio 10.0\VC\bin\CL.exe /c /ZI /nologo /W3 /WX- /Od /Oy- /D _MBCS /Gm /EHsc /RTC1 /MDd /GS /fp:precise /Zc:wchar_t /Zc:forScope /Fo"Debug\\" /Fd"Debug\vc100.pdb" /Gd /TP /analyze- /errorReport:prompt "Lab 6 - Restaurants.cpp"
         Lab 6 - Restaurants.cpp
     1>f:\projects\lab 6 - restaurants\lab 6 - restaurants\lab 6 - restaurants.cpp(107): warning C4244: 'argument' : conversion from 'time_t' to 'unsigned int', possible loss of data
       Link:
         c:\Program Files (x86)\Microsoft Visual Studio 10.0\VC\bin\link.exe /ERRORREPORT:PROMPT /OUT:"F:\Projects\Lab 6 - Restaurants\Debug\Lab 6 - Restaurants.exe" /NOLOGO kernel32.lib user32.lib gdi32.lib winspool.lib comdlg32.lib advapi32.lib shell32.lib ole32.lib oleaut32.lib uuid.lib odbc32.lib odbccp32.lib /MANIFEST /ManifestFile:"Debug\Lab 6 - Restaurants.exe.intermediate.manifest" /MANIFESTUAC:"level='asInvoker' uiAccess='false'" /DEBUG /PDB:"F:\Projects\Lab 6 - Restaurants\Debug\Lab 6 - Restaurants.pdb" /TLBID:1 /DYNAMICBASE /NXCOMPAT /IMPLIB:"F:\Projects\Lab 6 - Restaurants\Debug\Lab 6 - Restaurants.lib" /MACHINE:X86 "Debug\Lab 6 - Restaurants.obj"
         LINK : F:\Projects\Lab 6 - Restaurants\Debug\Lab 6 - Restaurants.exe not found or not built by the last incremental link; performing full link
         Lab 6 - Restaurants.vcxproj -> F:\Projects\Lab 6 - Restaurants\Debug\Lab 6 - Restaurants.exe
       Manifest:
         C:\Program Files (x86)\Microsoft SDKs\Windows\v7.0A\bin\mt.exe /nologo /verbose /outputresource:"F:\Projects\Lab 6 - Restaurants\Debug\Lab 6 - Restaurants.exe;#1" /manifest "Debug\Lab 6 - Restaurants.exe.intermediate.manifest"
       FinalizeBuildStatus:
         Deleting file "Debug\Lab 6 - Restaurants.unsuccessfulbuild".
         Touching "Debug\Lab 6 - Restaurants.lastbuildstate".
     1>Done Building Project "F:\Projects\Lab 6 - Restaurants\Lab 6 - Restaurants\Lab 6 - Restaurants.vcxproj" (build target(s)).

Build succeeded.

Time Elapsed 00:00:03.80
