Build started 2/1/2013 6:19:23 PM.
     1>Project "F:\Lab 4 Plinko\Lab 4 Plinko\Lab 4 Plinko.vcxproj" on node 2 (build target(s)).
     1>InitializeBuildStatus:
         Creating "Debug\Lab 4 Plinko.unsuccessfulbuild" because "AlwaysCreate" was specified.
       ClCompile:
         c:\Program Files (x86)\Microsoft Visual Studio 10.0\VC\bin\CL.exe /c /ZI /nologo /W3 /WX- /Od /Oy- /D _MBCS /Gm /EHsc /RTC1 /MDd /GS /fp:precise /Zc:wchar_t /Zc:forScope /Fo"Debug\\" /Fd"Debug\vc100.pdb" /Gd /TP /analyze- /errorReport:prompt "Lab 4 Plinko.cpp"
         Lab 4 Plinko.cpp
     1>f:\lab 4 plinko\lab 4 plinko\lab 4 plinko.cpp(8): warning C4244: 'argument' : conversion from 'time_t' to 'unsigned int', possible loss of data
     1>f:\lab 4 plinko\lab 4 plinko\lab 4 plinko.cpp(89): warning C4244: 'initializing' : conversion from 'double' to 'int', possible loss of data
       Link:
         c:\Program Files (x86)\Microsoft Visual Studio 10.0\VC\bin\link.exe /ERRORREPORT:PROMPT /OUT:"F:\Lab 4 Plinko\Debug\Lab 4 Plinko.exe" /NOLOGO kernel32.lib user32.lib gdi32.lib winspool.lib comdlg32.lib advapi32.lib shell32.lib ole32.lib oleaut32.lib uuid.lib odbc32.lib odbccp32.lib /MANIFEST /ManifestFile:"Debug\Lab 4 Plinko.exe.intermediate.manifest" /MANIFESTUAC:"level='asInvoker' uiAccess='false'" /DEBUG /PDB:"F:\Lab 4 Plinko\Debug\Lab 4 Plinko.pdb" /TLBID:1 /DYNAMICBASE /NXCOMPAT /IMPLIB:"F:\Lab 4 Plinko\Debug\Lab 4 Plinko.lib" /MACHINE:X86 "Debug\Lab 4 Plinko.obj"
         LINK : F:\Lab 4 Plinko\Debug\Lab 4 Plinko.exe not found or not built by the last incremental link; performing full link
         Lab 4 Plinko.vcxproj -> F:\Lab 4 Plinko\Debug\Lab 4 Plinko.exe
       Manifest:
         C:\Program Files (x86)\Microsoft SDKs\Windows\v7.0A\bin\mt.exe /nologo /verbose /outputresource:"F:\Lab 4 Plinko\Debug\Lab 4 Plinko.exe;#1" /manifest "Debug\Lab 4 Plinko.exe.intermediate.manifest"
       FinalizeBuildStatus:
         Deleting file "Debug\Lab 4 Plinko.unsuccessfulbuild".
         Touching "Debug\Lab 4 Plinko.lastbuildstate".
     1>Done Building Project "F:\Lab 4 Plinko\Lab 4 Plinko\Lab 4 Plinko.vcxproj" (build target(s)).

Build succeeded.

Time Elapsed 00:00:03.09
