Build started 1/23/2013 4:19:41 PM.
     1>Project "c:\Users\dhyer3\documents\visual studio 2010\Projects\Lab 3 Hybrid Car\Lab 3 Hybrid Car\Lab 3 Hybrid Car.vcxproj" on node 2 (build target(s)).
     1>InitializeBuildStatus:
         Creating "Debug\Lab 3 Hybrid Car.unsuccessfulbuild" because "AlwaysCreate" was specified.
       ClCompile:
         c:\Program Files (x86)\Microsoft Visual Studio 10.0\VC\bin\CL.exe /c /ZI /nologo /W3 /WX- /Od /Oy- /D _MBCS /Gm /EHsc /RTC1 /MDd /GS /fp:precise /Zc:wchar_t /Zc:forScope /Fo"Debug\\" /Fd"Debug\vc100.pdb" /Gd /TP /analyze- /errorReport:prompt "Lab 3 Hybrid Car.cpp"
         Lab 3 Hybrid Car.cpp
     1>c:\users\dhyer3\documents\visual studio 2010\projects\lab 3 hybrid car\lab 3 hybrid car\lab 3 hybrid car.cpp(1): warning C4067: unexpected tokens following preprocessor directive - expected a newline
     1>c:\users\dhyer3\documents\visual studio 2010\projects\lab 3 hybrid car\lab 3 hybrid car\lab 3 hybrid car.cpp(2): warning C4067: unexpected tokens following preprocessor directive - expected a newline
     1>c:\users\dhyer3\documents\visual studio 2010\projects\lab 3 hybrid car\lab 3 hybrid car\lab 3 hybrid car.cpp(3): warning C4067: unexpected tokens following preprocessor directive - expected a newline
       Link:
         c:\Program Files (x86)\Microsoft Visual Studio 10.0\VC\bin\link.exe /ERRORREPORT:PROMPT /OUT:"c:\users\dhyer3\documents\visual studio 2010\Projects\Lab 3 Hybrid Car\Debug\Lab 3 Hybrid Car.exe" /NOLOGO kernel32.lib user32.lib gdi32.lib winspool.lib comdlg32.lib advapi32.lib shell32.lib ole32.lib oleaut32.lib uuid.lib odbc32.lib odbccp32.lib /MANIFEST /ManifestFile:"Debug\Lab 3 Hybrid Car.exe.intermediate.manifest" /MANIFESTUAC:"level='asInvoker' uiAccess='false'" /DEBUG /PDB:"c:\users\dhyer3\documents\visual studio 2010\Projects\Lab 3 Hybrid Car\Debug\Lab 3 Hybrid Car.pdb" /TLBID:1 /DYNAMICBASE /NXCOMPAT /IMPLIB:"c:\users\dhyer3\documents\visual studio 2010\Projects\Lab 3 Hybrid Car\Debug\Lab 3 Hybrid Car.lib" /MACHINE:X86 "Debug\Lab 3 Hybrid Car.obj"
         LINK : c:\users\dhyer3\documents\visual studio 2010\Projects\Lab 3 Hybrid Car\Debug\Lab 3 Hybrid Car.exe not found or not built by the last incremental link; performing full link
         Lab 3 Hybrid Car.vcxproj -> c:\users\dhyer3\documents\visual studio 2010\Projects\Lab 3 Hybrid Car\Debug\Lab 3 Hybrid Car.exe
       Manifest:
         C:\Program Files (x86)\Microsoft SDKs\Windows\v7.0A\bin\mt.exe /nologo /verbose /outputresource:"c:\users\dhyer3\documents\visual studio 2010\Projects\Lab 3 Hybrid Car\Debug\Lab 3 Hybrid Car.exe;#1" /manifest "Debug\Lab 3 Hybrid Car.exe.intermediate.manifest"
       FinalizeBuildStatus:
         Deleting file "Debug\Lab 3 Hybrid Car.unsuccessfulbuild".
         Touching "Debug\Lab 3 Hybrid Car.lastbuildstate".
     1>Done Building Project "c:\Users\dhyer3\documents\visual studio 2010\Projects\Lab 3 Hybrid Car\Lab 3 Hybrid Car\Lab 3 Hybrid Car.vcxproj" (build target(s)).

Build succeeded.

Time Elapsed 00:00:02.75
